CRITICAL - 2024-09-23 16:08:54 --> CodeIgniter\View\Exceptions\ViewException: Invalid file: "inventario/areas.php"
[Method: GET, Route: areas]
in SYSTEMPATH\Exceptions\FrameworkException.php on line 41.
 1 SYSTEMPATH\View\View.php(222): CodeIgniter\Exceptions\FrameworkException::forInvalidFile('inventario/areas.php')
 2 SYSTEMPATH\Common.php(1171): CodeIgniter\View\View->render('inventario/areas', [], true)
 3 APPPATH\Controllers\Areas.php(16): view('inventario/areas')
 4 SYSTEMPATH\CodeIgniter.php(933): App\Controllers\Areas->index()
 5 SYSTEMPATH\CodeIgniter.php(509): CodeIgniter\CodeIgniter->runController(Object(App\Controllers\Areas))
 6 SYSTEMPATH\CodeIgniter.php(355): CodeIgniter\CodeIgniter->handleRequest(null, Object(Config\Cache), false)
 7 SYSTEMPATH\Boot.php(325): CodeIgniter\CodeIgniter->run()
 8 SYSTEMPATH\Boot.php(67): CodeIgniter\Boot::runCodeIgniter(Object(CodeIgniter\CodeIgniter))
 9 FCPATH\index.php(56): CodeIgniter\Boot::bootWeb(Object(Config\Paths))
CRITICAL - 2024-09-23 16:17:17 --> CodeIgniter\View\Exceptions\ViewException: Invalid file: "inventario/areas.php"
[Method: GET, Route: areas]
in SYSTEMPATH\Exceptions\FrameworkException.php on line 41.
 1 SYSTEMPATH\View\View.php(222): CodeIgniter\Exceptions\FrameworkException::forInvalidFile('inventario/areas.php')
 2 SYSTEMPATH\Common.php(1171): CodeIgniter\View\View->render('inventario/areas', [], true)
 3 APPPATH\Controllers\Areas.php(16): view('inventario/areas')
 4 SYSTEMPATH\CodeIgniter.php(933): App\Controllers\Areas->index()
 5 SYSTEMPATH\CodeIgniter.php(509): CodeIgniter\CodeIgniter->runController(Object(App\Controllers\Areas))
 6 SYSTEMPATH\CodeIgniter.php(355): CodeIgniter\CodeIgniter->handleRequest(null, Object(Config\Cache), false)
 7 SYSTEMPATH\Boot.php(325): CodeIgniter\CodeIgniter->run()
 8 SYSTEMPATH\Boot.php(67): CodeIgniter\Boot::runCodeIgniter(Object(CodeIgniter\CodeIgniter))
 9 FCPATH\index.php(56): CodeIgniter\Boot::bootWeb(Object(Config\Paths))
CRITICAL - 2024-09-23 16:17:20 --> CodeIgniter\View\Exceptions\ViewException: Invalid file: "inventario/areas.php"
[Method: GET, Route: areas]
in SYSTEMPATH\Exceptions\FrameworkException.php on line 41.
 1 SYSTEMPATH\View\View.php(222): CodeIgniter\Exceptions\FrameworkException::forInvalidFile('inventario/areas.php')
 2 SYSTEMPATH\Common.php(1171): CodeIgniter\View\View->render('inventario/areas', [], true)
 3 APPPATH\Controllers\Areas.php(16): view('inventario/areas')
 4 SYSTEMPATH\CodeIgniter.php(933): App\Controllers\Areas->index()
 5 SYSTEMPATH\CodeIgniter.php(509): CodeIgniter\CodeIgniter->runController(Object(App\Controllers\Areas))
 6 SYSTEMPATH\CodeIgniter.php(355): CodeIgniter\CodeIgniter->handleRequest(null, Object(Config\Cache), false)
 7 SYSTEMPATH\Boot.php(325): CodeIgniter\CodeIgniter->run()
 8 SYSTEMPATH\Boot.php(67): CodeIgniter\Boot::runCodeIgniter(Object(CodeIgniter\CodeIgniter))
 9 FCPATH\index.php(56): CodeIgniter\Boot::bootWeb(Object(Config\Paths))
CRITICAL - 2024-09-23 16:17:22 --> CodeIgniter\View\Exceptions\ViewException: Invalid file: "inventario/areas.php"
[Method: GET, Route: areas]
in SYSTEMPATH\Exceptions\FrameworkException.php on line 41.
 1 SYSTEMPATH\View\View.php(222): CodeIgniter\Exceptions\FrameworkException::forInvalidFile('inventario/areas.php')
 2 SYSTEMPATH\Common.php(1171): CodeIgniter\View\View->render('inventario/areas', [], true)
 3 APPPATH\Controllers\Areas.php(16): view('inventario/areas')
 4 SYSTEMPATH\CodeIgniter.php(933): App\Controllers\Areas->index()
 5 SYSTEMPATH\CodeIgniter.php(509): CodeIgniter\CodeIgniter->runController(Object(App\Controllers\Areas))
 6 SYSTEMPATH\CodeIgniter.php(355): CodeIgniter\CodeIgniter->handleRequest(null, Object(Config\Cache), false)
 7 SYSTEMPATH\Boot.php(325): CodeIgniter\CodeIgniter->run()
 8 SYSTEMPATH\Boot.php(67): CodeIgniter\Boot::runCodeIgniter(Object(CodeIgniter\CodeIgniter))
 9 FCPATH\index.php(56): CodeIgniter\Boot::bootWeb(Object(Config\Paths))
CRITICAL - 2024-09-23 16:17:29 --> CodeIgniter\View\Exceptions\ViewException: Invalid file: "inventario/areas.php"
[Method: GET, Route: areas]
in SYSTEMPATH\Exceptions\FrameworkException.php on line 41.
 1 SYSTEMPATH\View\View.php(222): CodeIgniter\Exceptions\FrameworkException::forInvalidFile('inventario/areas.php')
 2 SYSTEMPATH\Common.php(1171): CodeIgniter\View\View->render('inventario/areas', [], true)
 3 APPPATH\Controllers\Areas.php(16): view('inventario/areas')
 4 SYSTEMPATH\CodeIgniter.php(933): App\Controllers\Areas->index()
 5 SYSTEMPATH\CodeIgniter.php(509): CodeIgniter\CodeIgniter->runController(Object(App\Controllers\Areas))
 6 SYSTEMPATH\CodeIgniter.php(355): CodeIgniter\CodeIgniter->handleRequest(null, Object(Config\Cache), false)
 7 SYSTEMPATH\Boot.php(325): CodeIgniter\CodeIgniter->run()
 8 SYSTEMPATH\Boot.php(67): CodeIgniter\Boot::runCodeIgniter(Object(CodeIgniter\CodeIgniter))
 9 FCPATH\index.php(56): CodeIgniter\Boot::bootWeb(Object(Config\Paths))
CRITICAL - 2024-09-23 16:21:05 --> CodeIgniter\View\Exceptions\ViewException: Invalid file: "inventario/areas.php"
[Method: GET, Route: areas]
in SYSTEMPATH\Exceptions\FrameworkException.php on line 41.
 1 SYSTEMPATH\View\View.php(222): CodeIgniter\Exceptions\FrameworkException::forInvalidFile('inventario/areas.php')
 2 SYSTEMPATH\Common.php(1171): CodeIgniter\View\View->render('inventario/areas', [], true)
 3 APPPATH\Controllers\Areas.php(20): view('inventario/areas')
 4 SYSTEMPATH\CodeIgniter.php(933): App\Controllers\Areas->index()
 5 SYSTEMPATH\CodeIgniter.php(509): CodeIgniter\CodeIgniter->runController(Object(App\Controllers\Areas))
 6 SYSTEMPATH\CodeIgniter.php(355): CodeIgniter\CodeIgniter->handleRequest(null, Object(Config\Cache), false)
 7 SYSTEMPATH\Boot.php(325): CodeIgniter\CodeIgniter->run()
 8 SYSTEMPATH\Boot.php(67): CodeIgniter\Boot::runCodeIgniter(Object(CodeIgniter\CodeIgniter))
 9 FCPATH\index.php(56): CodeIgniter\Boot::bootWeb(Object(Config\Paths))
CRITICAL - 2024-09-23 16:21:11 --> CodeIgniter\View\Exceptions\ViewException: Invalid file: "inventario/areas.php"
[Method: GET, Route: areas]
in SYSTEMPATH\Exceptions\FrameworkException.php on line 41.
 1 SYSTEMPATH\View\View.php(222): CodeIgniter\Exceptions\FrameworkException::forInvalidFile('inventario/areas.php')
 2 SYSTEMPATH\Common.php(1171): CodeIgniter\View\View->render('inventario/areas', [], true)
 3 APPPATH\Controllers\Areas.php(20): view('inventario/areas')
 4 SYSTEMPATH\CodeIgniter.php(933): App\Controllers\Areas->index()
 5 SYSTEMPATH\CodeIgniter.php(509): CodeIgniter\CodeIgniter->runController(Object(App\Controllers\Areas))
 6 SYSTEMPATH\CodeIgniter.php(355): CodeIgniter\CodeIgniter->handleRequest(null, Object(Config\Cache), false)
 7 SYSTEMPATH\Boot.php(325): CodeIgniter\CodeIgniter->run()
 8 SYSTEMPATH\Boot.php(67): CodeIgniter\Boot::runCodeIgniter(Object(CodeIgniter\CodeIgniter))
 9 FCPATH\index.php(56): CodeIgniter\Boot::bootWeb(Object(Config\Paths))
CRITICAL - 2024-09-23 16:22:43 --> ErrorException: Undefined property: App\Controllers\Areas::$AreasModel
[Method: GET, Route: areas]
in APPPATH\Controllers\Areas.php on line 20.
 1 APPPATH\Controllers\Areas.php(20): CodeIgniter\Debug\Exceptions->errorHandler(2, 'Undefined property: App\\Controllers\\Areas::$AreasModel', 'C:\\xampp\\htdocs\\inventario\\app\\Controllers\\Areas.php', 20)
 2 SYSTEMPATH\CodeIgniter.php(933): App\Controllers\Areas->index()
 3 SYSTEMPATH\CodeIgniter.php(509): CodeIgniter\CodeIgniter->runController(Object(App\Controllers\Areas))
 4 SYSTEMPATH\CodeIgniter.php(355): CodeIgniter\CodeIgniter->handleRequest(null, Object(Config\Cache), false)
 5 SYSTEMPATH\Boot.php(325): CodeIgniter\CodeIgniter->run()
 6 SYSTEMPATH\Boot.php(67): CodeIgniter\Boot::runCodeIgniter(Object(CodeIgniter\CodeIgniter))
 7 FCPATH\index.php(56): CodeIgniter\Boot::bootWeb(Object(Config\Paths))
CRITICAL - 2024-09-23 16:27:47 --> ErrorException: Undefined variable $areas
[Method: GET, Route: areas]
in APPPATH\Views\areas.php on line 20.
 1 APPPATH\Views\areas.php(20): CodeIgniter\Debug\Exceptions->errorHandler(2, 'Undefined variable $areas', 'C:\\xampp\\htdocs\\inventario\\app\\Views\\areas.php', 20)
 2 SYSTEMPATH\View\View.php(234): include('C:\\xampp\\htdocs\\inventario\\app\\Views\\areas.php')
 3 SYSTEMPATH\View\View.php(237): CodeIgniter\View\View->CodeIgniter\View\{closure}()
 4 SYSTEMPATH\Common.php(1171): CodeIgniter\View\View->render('areas', [], true)
 5 APPPATH\Controllers\Areas.php(21): view('areas')
 6 SYSTEMPATH\CodeIgniter.php(933): App\Controllers\Areas->index()
 7 SYSTEMPATH\CodeIgniter.php(509): CodeIgniter\CodeIgniter->runController(Object(App\Controllers\Areas))
 8 SYSTEMPATH\CodeIgniter.php(355): CodeIgniter\CodeIgniter->handleRequest(null, Object(Config\Cache), false)
 9 SYSTEMPATH\Boot.php(325): CodeIgniter\CodeIgniter->run()
10 SYSTEMPATH\Boot.php(67): CodeIgniter\Boot::runCodeIgniter(Object(CodeIgniter\CodeIgniter))
11 FCPATH\index.php(56): CodeIgniter\Boot::bootWeb(Object(Config\Paths))
CRITICAL - 2024-09-23 16:32:04 --> ErrorException: Undefined property: App\Controllers\Areas::$AreasModel
[Method: GET, Route: areas]
in APPPATH\Controllers\Areas.php on line 20.
 1 APPPATH\Controllers\Areas.php(20): CodeIgniter\Debug\Exceptions->errorHandler(2, 'Undefined property: App\\Controllers\\Areas::$AreasModel', 'C:\\xampp\\htdocs\\inventario\\app\\Controllers\\Areas.php', 20)
 2 SYSTEMPATH\CodeIgniter.php(933): App\Controllers\Areas->index()
 3 SYSTEMPATH\CodeIgniter.php(509): CodeIgniter\CodeIgniter->runController(Object(App\Controllers\Areas))
 4 SYSTEMPATH\CodeIgniter.php(355): CodeIgniter\CodeIgniter->handleRequest(null, Object(Config\Cache), false)
 5 SYSTEMPATH\Boot.php(325): CodeIgniter\CodeIgniter->run()
 6 SYSTEMPATH\Boot.php(67): CodeIgniter\Boot::runCodeIgniter(Object(CodeIgniter\CodeIgniter))
 7 FCPATH\index.php(56): CodeIgniter\Boot::bootWeb(Object(Config\Paths))
CRITICAL - 2024-09-23 16:33:42 --> CodeIgniter\View\Exceptions\ViewException: Invalid file: "inventario/areas.php"
[Method: GET, Route: areas]
in SYSTEMPATH\Exceptions\FrameworkException.php on line 41.
 1 SYSTEMPATH\View\View.php(222): CodeIgniter\Exceptions\FrameworkException::forInvalidFile('inventario/areas.php')
 2 SYSTEMPATH\Common.php(1171): CodeIgniter\View\View->render('inventario/areas', [], true)
 3 APPPATH\Controllers\Areas.php(29): view('inventario/areas', [...])
 4 SYSTEMPATH\CodeIgniter.php(933): App\Controllers\Areas->index()
 5 SYSTEMPATH\CodeIgniter.php(509): CodeIgniter\CodeIgniter->runController(Object(App\Controllers\Areas))
 6 SYSTEMPATH\CodeIgniter.php(355): CodeIgniter\CodeIgniter->handleRequest(null, Object(Config\Cache), false)
 7 SYSTEMPATH\Boot.php(325): CodeIgniter\CodeIgniter->run()
 8 SYSTEMPATH\Boot.php(67): CodeIgniter\Boot::runCodeIgniter(Object(CodeIgniter\CodeIgniter))
 9 FCPATH\index.php(56): CodeIgniter\Boot::bootWeb(Object(Config\Paths))
CRITICAL - 2024-09-23 16:36:02 --> CodeIgniter\View\Exceptions\ViewException: Invalid file: "inventario/areas.php"
[Method: GET, Route: areas]
in SYSTEMPATH\Exceptions\FrameworkException.php on line 41.
 1 SYSTEMPATH\View\View.php(222): CodeIgniter\Exceptions\FrameworkException::forInvalidFile('inventario/areas.php')
 2 SYSTEMPATH\Common.php(1171): CodeIgniter\View\View->render('inventario/areas', [], true)
 3 APPPATH\Controllers\Areas.php(29): view('inventario/areas', [...])
 4 SYSTEMPATH\CodeIgniter.php(933): App\Controllers\Areas->index()
 5 SYSTEMPATH\CodeIgniter.php(509): CodeIgniter\CodeIgniter->runController(Object(App\Controllers\Areas))
 6 SYSTEMPATH\CodeIgniter.php(355): CodeIgniter\CodeIgniter->handleRequest(null, Object(Config\Cache), false)
 7 SYSTEMPATH\Boot.php(325): CodeIgniter\CodeIgniter->run()
 8 SYSTEMPATH\Boot.php(67): CodeIgniter\Boot::runCodeIgniter(Object(CodeIgniter\CodeIgniter))
 9 FCPATH\index.php(56): CodeIgniter\Boot::bootWeb(Object(Config\Paths))
CRITICAL - 2024-09-23 16:38:09 --> CodeIgniter\View\Exceptions\ViewException: Invalid file: "inventario/areas.php"
[Method: GET, Route: areas]
in SYSTEMPATH\Exceptions\FrameworkException.php on line 41.
 1 SYSTEMPATH\View\View.php(222): CodeIgniter\Exceptions\FrameworkException::forInvalidFile('inventario/areas.php')
 2 SYSTEMPATH\Common.php(1171): CodeIgniter\View\View->render('inventario/areas', [], true)
 3 APPPATH\Controllers\Areas.php(29): view('inventario/areas', [...])
 4 SYSTEMPATH\CodeIgniter.php(933): App\Controllers\Areas->index()
 5 SYSTEMPATH\CodeIgniter.php(509): CodeIgniter\CodeIgniter->runController(Object(App\Controllers\Areas))
 6 SYSTEMPATH\CodeIgniter.php(355): CodeIgniter\CodeIgniter->handleRequest(null, Object(Config\Cache), false)
 7 SYSTEMPATH\Boot.php(325): CodeIgniter\CodeIgniter->run()
 8 SYSTEMPATH\Boot.php(67): CodeIgniter\Boot::runCodeIgniter(Object(CodeIgniter\CodeIgniter))
 9 FCPATH\index.php(56): CodeIgniter\Boot::bootWeb(Object(Config\Paths))
CRITICAL - 2024-09-23 16:38:11 --> CodeIgniter\View\Exceptions\ViewException: Invalid file: "inventario/areas.php"
[Method: GET, Route: areas]
in SYSTEMPATH\Exceptions\FrameworkException.php on line 41.
 1 SYSTEMPATH\View\View.php(222): CodeIgniter\Exceptions\FrameworkException::forInvalidFile('inventario/areas.php')
 2 SYSTEMPATH\Common.php(1171): CodeIgniter\View\View->render('inventario/areas', [], true)
 3 APPPATH\Controllers\Areas.php(29): view('inventario/areas', [...])
 4 SYSTEMPATH\CodeIgniter.php(933): App\Controllers\Areas->index()
 5 SYSTEMPATH\CodeIgniter.php(509): CodeIgniter\CodeIgniter->runController(Object(App\Controllers\Areas))
 6 SYSTEMPATH\CodeIgniter.php(355): CodeIgniter\CodeIgniter->handleRequest(null, Object(Config\Cache), false)
 7 SYSTEMPATH\Boot.php(325): CodeIgniter\CodeIgniter->run()
 8 SYSTEMPATH\Boot.php(67): CodeIgniter\Boot::runCodeIgniter(Object(CodeIgniter\CodeIgniter))
 9 FCPATH\index.php(56): CodeIgniter\Boot::bootWeb(Object(Config\Paths))
CRITICAL - 2024-09-23 16:38:12 --> CodeIgniter\View\Exceptions\ViewException: Invalid file: "inventario/areas.php"
[Method: GET, Route: areas]
in SYSTEMPATH\Exceptions\FrameworkException.php on line 41.
 1 SYSTEMPATH\View\View.php(222): CodeIgniter\Exceptions\FrameworkException::forInvalidFile('inventario/areas.php')
 2 SYSTEMPATH\Common.php(1171): CodeIgniter\View\View->render('inventario/areas', [], true)
 3 APPPATH\Controllers\Areas.php(29): view('inventario/areas', [...])
 4 SYSTEMPATH\CodeIgniter.php(933): App\Controllers\Areas->index()
 5 SYSTEMPATH\CodeIgniter.php(509): CodeIgniter\CodeIgniter->runController(Object(App\Controllers\Areas))
 6 SYSTEMPATH\CodeIgniter.php(355): CodeIgniter\CodeIgniter->handleRequest(null, Object(Config\Cache), false)
 7 SYSTEMPATH\Boot.php(325): CodeIgniter\CodeIgniter->run()
 8 SYSTEMPATH\Boot.php(67): CodeIgniter\Boot::runCodeIgniter(Object(CodeIgniter\CodeIgniter))
 9 FCPATH\index.php(56): CodeIgniter\Boot::bootWeb(Object(Config\Paths))
CRITICAL - 2024-09-23 16:43:37 --> CodeIgniter\View\Exceptions\ViewException: Invalid file: "inventario/areas.php"
[Method: GET, Route: areas]
in SYSTEMPATH\Exceptions\FrameworkException.php on line 41.
 1 SYSTEMPATH\View\View.php(222): CodeIgniter\Exceptions\FrameworkException::forInvalidFile('inventario/areas.php')
 2 SYSTEMPATH\Common.php(1171): CodeIgniter\View\View->render('inventario/areas', [], true)
 3 APPPATH\Controllers\Areas.php(29): view('inventario/areas', [...])
 4 SYSTEMPATH\CodeIgniter.php(933): App\Controllers\Areas->index()
 5 SYSTEMPATH\CodeIgniter.php(509): CodeIgniter\CodeIgniter->runController(Object(App\Controllers\Areas))
 6 SYSTEMPATH\CodeIgniter.php(355): CodeIgniter\CodeIgniter->handleRequest(null, Object(Config\Cache), false)
 7 SYSTEMPATH\Boot.php(325): CodeIgniter\CodeIgniter->run()
 8 SYSTEMPATH\Boot.php(67): CodeIgniter\Boot::runCodeIgniter(Object(CodeIgniter\CodeIgniter))
 9 FCPATH\index.php(56): CodeIgniter\Boot::bootWeb(Object(Config\Paths))
CRITICAL - 2024-09-23 17:45:22 --> CodeIgniter\View\Exceptions\ViewException: Invalid file: "empleados/create_areas.php"
[Method: GET, Route: areas/create_areas]
in SYSTEMPATH\Exceptions\FrameworkException.php on line 41.
 1 SYSTEMPATH\View\View.php(222): CodeIgniter\Exceptions\FrameworkException::forInvalidFile('empleados/create_areas.php')
 2 SYSTEMPATH\Common.php(1171): CodeIgniter\View\View->render('empleados/create_areas', [], true)
 3 APPPATH\Controllers\Areas.php(84): view('empleados/create_areas', [...])
 4 SYSTEMPATH\CodeIgniter.php(933): App\Controllers\Areas->create()
 5 SYSTEMPATH\CodeIgniter.php(509): CodeIgniter\CodeIgniter->runController(Object(App\Controllers\Areas))
 6 SYSTEMPATH\CodeIgniter.php(355): CodeIgniter\CodeIgniter->handleRequest(null, Object(Config\Cache), false)
 7 SYSTEMPATH\Boot.php(325): CodeIgniter\CodeIgniter->run()
 8 SYSTEMPATH\Boot.php(67): CodeIgniter\Boot::runCodeIgniter(Object(CodeIgniter\CodeIgniter))
 9 FCPATH\index.php(56): CodeIgniter\Boot::bootWeb(Object(Config\Paths))
CRITICAL - 2024-09-23 17:47:57 --> CodeIgniter\View\Exceptions\ViewException: Invalid file: "empleados/create_areas.php"
[Method: GET, Route: areas/create_areas]
in SYSTEMPATH\Exceptions\FrameworkException.php on line 41.
 1 SYSTEMPATH\View\View.php(222): CodeIgniter\Exceptions\FrameworkException::forInvalidFile('empleados/create_areas.php')
 2 SYSTEMPATH\Common.php(1171): CodeIgniter\View\View->render('empleados/create_areas', [], true)
 3 APPPATH\Controllers\Areas.php(84): view('empleados/create_areas', [...])
 4 SYSTEMPATH\CodeIgniter.php(933): App\Controllers\Areas->create()
 5 SYSTEMPATH\CodeIgniter.php(509): CodeIgniter\CodeIgniter->runController(Object(App\Controllers\Areas))
 6 SYSTEMPATH\CodeIgniter.php(355): CodeIgniter\CodeIgniter->handleRequest(null, Object(Config\Cache), false)
 7 SYSTEMPATH\Boot.php(325): CodeIgniter\CodeIgniter->run()
 8 SYSTEMPATH\Boot.php(67): CodeIgniter\Boot::runCodeIgniter(Object(CodeIgniter\CodeIgniter))
 9 FCPATH\index.php(56): CodeIgniter\Boot::bootWeb(Object(Config\Paths))
CRITICAL - 2024-09-23 17:47:59 --> CodeIgniter\View\Exceptions\ViewException: Invalid file: "empleados/create_areas.php"
[Method: GET, Route: areas/create_areas]
in SYSTEMPATH\Exceptions\FrameworkException.php on line 41.
 1 SYSTEMPATH\View\View.php(222): CodeIgniter\Exceptions\FrameworkException::forInvalidFile('empleados/create_areas.php')
 2 SYSTEMPATH\Common.php(1171): CodeIgniter\View\View->render('empleados/create_areas', [], true)
 3 APPPATH\Controllers\Areas.php(84): view('empleados/create_areas', [...])
 4 SYSTEMPATH\CodeIgniter.php(933): App\Controllers\Areas->create()
 5 SYSTEMPATH\CodeIgniter.php(509): CodeIgniter\CodeIgniter->runController(Object(App\Controllers\Areas))
 6 SYSTEMPATH\CodeIgniter.php(355): CodeIgniter\CodeIgniter->handleRequest(null, Object(Config\Cache), false)
 7 SYSTEMPATH\Boot.php(325): CodeIgniter\CodeIgniter->run()
 8 SYSTEMPATH\Boot.php(67): CodeIgniter\Boot::runCodeIgniter(Object(CodeIgniter\CodeIgniter))
 9 FCPATH\index.php(56): CodeIgniter\Boot::bootWeb(Object(Config\Paths))
CRITICAL - 2024-09-23 17:48:04 --> CodeIgniter\View\Exceptions\ViewException: Invalid file: "empleados/create_areas.php"
[Method: GET, Route: areas/create_areas]
in SYSTEMPATH\Exceptions\FrameworkException.php on line 41.
 1 SYSTEMPATH\View\View.php(222): CodeIgniter\Exceptions\FrameworkException::forInvalidFile('empleados/create_areas.php')
 2 SYSTEMPATH\Common.php(1171): CodeIgniter\View\View->render('empleados/create_areas', [], true)
 3 APPPATH\Controllers\Areas.php(84): view('empleados/create_areas', [...])
 4 SYSTEMPATH\CodeIgniter.php(933): App\Controllers\Areas->create()
 5 SYSTEMPATH\CodeIgniter.php(509): CodeIgniter\CodeIgniter->runController(Object(App\Controllers\Areas))
 6 SYSTEMPATH\CodeIgniter.php(355): CodeIgniter\CodeIgniter->handleRequest(null, Object(Config\Cache), false)
 7 SYSTEMPATH\Boot.php(325): CodeIgniter\CodeIgniter->run()
 8 SYSTEMPATH\Boot.php(67): CodeIgniter\Boot::runCodeIgniter(Object(CodeIgniter\CodeIgniter))
 9 FCPATH\index.php(56): CodeIgniter\Boot::bootWeb(Object(Config\Paths))
